<?xml version="1.0" encoding="UTF-8"?>
<!-- Generated by org.testng.reporters.JUnitReportReporter -->
<testsuite hostname="TYSS-Kishore-Gopi" failures="0" tests="1" name="rahulshettyacademy.Miscelleneous" time="7.111" errors="0" timestamp="2024-05-06T11:38:30 IST" skipped="0">
  <testcase classname="rahulshettyacademy.Miscelleneous" name="Mslns" time="7.111"/>
  <system-out/>
</testsuite> <!-- rahulshettyacademy.Miscelleneous -->
