<?xml version="1.0" encoding="UTF-8"?>
<!-- Generated by org.testng.reporters.JUnitReportReporter -->
<testsuite hostname="TYSS-Kishore-Gopi" failures="0" tests="2" name="rahulshettyacademy.TestCase_1" time="18.117" errors="0" timestamp="2024-07-03T10:53:27 IST" skipped="0">
  <testcase classname="rahulshettyacademy.TestCase_1" name="errorMsg_Positive" time="14.110"/>
  <system-out/>
  <testcase classname="rahulshettyacademy.TestCase_1" name="errorMsg_Negative" time="4.007"/>
  <system-out/>
</testsuite> <!-- rahulshettyacademy.TestCase_1 -->
