<?xml version="1.0" encoding="UTF-8"?>
<!-- Generated by org.testng.reporters.JUnitReportReporter -->
<testsuite hostname="TYSS-Kishore-Gopi" failures="0" tests="1" name="rahulshettyacademy.DragDropDemo" time="8.009" errors="0" timestamp="2024-05-03T15:39:11 IST" skipped="0">
  <testcase classname="rahulshettyacademy.DragDropDemo" name="DragDropDemoTest" time="8.009"/>
  <system-out/>
</testsuite> <!-- rahulshettyacademy.DragDropDemo -->
