<?xml version="1.0" encoding="UTF-8"?>
<!-- Generated by org.testng.reporters.JUnitReportReporter -->
<testsuite hostname="TYSS-Kishore-Gopi" failures="0" tests="3" name="testCases.TestCase_2" time="96.710" errors="0" timestamp="2024-07-05T16:38:57 IST" skipped="0">
  <testcase classname="testCases.TestCase_2" name="FillForm" time="32.132"/>
  <system-out/>
  <testcase classname="testCases.TestCase_2" name="FillForm" time="32.109"/>
  <system-out/>
  <testcase classname="testCases.TestCase_2" name="FillForm" time="32.469"/>
  <system-out/>
</testsuite> <!-- testCases.TestCase_2 -->
