<?xml version="1.0" encoding="UTF-8"?>
<!-- Generated by org.testng.reporters.JUnitReportReporter -->
<testsuite hostname="TYSS-Kishore-Gopi" failures="0" tests="1" name="rahulshettyacademy.LongPress" time="11.222" errors="0" timestamp="2024-05-02T16:32:28 IST" skipped="0">
  <testcase classname="rahulshettyacademy.LongPress" name="WifiSettingsName" time="11.222"/>
  <system-out/>
</testsuite> <!-- rahulshettyacademy.LongPress -->
