<?xml version="1.0" encoding="UTF-8"?>
<!-- Generated by org.testng.reporters.JUnitReportReporter -->
<testsuite hostname="TYSS-Kishore-Gopi" failures="0" tests="1" name="rahulshettyacademy.TestCase_2" time="21.436" errors="0" timestamp="2024-07-03T10:53:27 IST" skipped="0">
  <testcase classname="rahulshettyacademy.TestCase_2" name="FillForm" time="21.436"/>
  <system-out/>
</testsuite> <!-- rahulshettyacademy.TestCase_2 -->
