<?xml version="1.0" encoding="UTF-8"?>
<!-- Generated by org.testng.reporters.JUnitReportReporter -->
<testsuite hostname="TYSS-Kishore-Gopi" failures="0" tests="1" name="rahulshettyacademy.eCommerce_tc_4_Hybrid" time="35.959" errors="0" timestamp="2024-07-01T12:27:56 IST" skipped="0">
  <testcase classname="rahulshettyacademy.eCommerce_tc_4_Hybrid" name="FillForm" time="35.959"/>
  <system-out/>
</testsuite> <!-- rahulshettyacademy.eCommerce_tc_4_Hybrid -->
