<?xml version="1.0" encoding="UTF-8"?>
<!-- Generated by org.testng.reporters.JUnitReportReporter -->
<testsuite hostname="TYSS-Kishore-Gopi" failures="0" tests="1" name="rahulshettyacademy.eCommerce_tc_4" time="23.939" errors="0" timestamp="2024-05-07T10:12:09 IST" skipped="0">
  <testcase classname="rahulshettyacademy.eCommerce_tc_4" name="FillForm" time="23.939"/>
  <system-out/>
</testsuite> <!-- rahulshettyacademy.eCommerce_tc_4 -->
