<?xml version="1.0" encoding="UTF-8"?>
<!-- Generated by org.testng.reporters.JUnitReportReporter -->
<testsuite hostname="TYSS-Kishore-Gopi" failures="0" tests="1" name="rahulshettyacademy.eCommerce_tc_2" time="26.992" errors="0" timestamp="2024-07-01T13:03:33 IST" skipped="0">
  <testcase classname="rahulshettyacademy.eCommerce_tc_2" name="FillForm" time="26.992"/>
  <system-out/>
</testsuite> <!-- rahulshettyacademy.eCommerce_tc_2 -->
