<?xml version="1.0" encoding="UTF-8"?>
<!-- Generated by org.testng.reporters.JUnitReportReporter -->
<testsuite hostname="TYSS-Kishore-Gopi" failures="0" tests="1" name="rahulshettyacademy.ScrollDemo" time="10.126" errors="0" timestamp="2024-05-03T10:12:00 IST" skipped="0">
  <testcase classname="rahulshettyacademy.ScrollDemo" name="SwipeDemoTest" time="10.126"/>
  <system-out/>
</testsuite> <!-- rahulshettyacademy.ScrollDemo -->
