<?xml version="1.0" encoding="UTF-8"?>
<!-- Generated by org.testng.reporters.JUnitReportReporter -->
<testsuite hostname="TYSS-Kishore-Gopi" failures="0" tests="1" name="rahulshettyacademy.AppiumBasics" time="8.193" errors="0" timestamp="2024-05-02T15:28:18 IST" skipped="0">
  <testcase classname="rahulshettyacademy.AppiumBasics" name="WifiSettingsName" time="8.193"/>
  <system-out/>
</testsuite> <!-- rahulshettyacademy.AppiumBasics -->
